mode: atomic
github.com/kontraktor-sh/kontraktor/internal/taskfile/interpreter/bash.go:22.44,24.2 1 0
github.com/kontraktor-sh/kontraktor/internal/taskfile/interpreter/bash.go:27.58,29.2 1 0
github.com/kontraktor-sh/kontraktor/internal/taskfile/interpreter/bash.go:32.108,34.9 2 0
github.com/kontraktor-sh/kontraktor/internal/taskfile/interpreter/bash.go:34.9,36.3 1 0
github.com/kontraktor-sh/kontraktor/internal/taskfile/interpreter/bash.go:39.2,40.9 2 0
github.com/kontraktor-sh/kontraktor/internal/taskfile/interpreter/bash.go:40.9,42.3 1 0
github.com/kontraktor-sh/kontraktor/internal/taskfile/interpreter/bash.go:45.2,46.16 2 0
github.com/kontraktor-sh/kontraktor/internal/taskfile/interpreter/bash.go:46.16,48.3 1 0
github.com/kontraktor-sh/kontraktor/internal/taskfile/interpreter/bash.go:51.2,57.45 3 0
github.com/kontraktor-sh/kontraktor/internal/taskfile/interpreter/bash.go:57.45,59.3 1 0
github.com/kontraktor-sh/kontraktor/internal/taskfile/interpreter/bash.go:60.2,60.41 1 0
github.com/kontraktor-sh/kontraktor/internal/taskfile/interpreter/bash.go:60.41,62.3 1 0
github.com/kontraktor-sh/kontraktor/internal/taskfile/interpreter/bash.go:65.2,66.16 2 0
github.com/kontraktor-sh/kontraktor/internal/taskfile/interpreter/bash.go:66.16,72.3 1 0
github.com/kontraktor-sh/kontraktor/internal/taskfile/interpreter/bash.go:74.2,77.8 1 0
github.com/kontraktor-sh/kontraktor/internal/taskfile/interpreter/docker.go:23.48,25.2 1 0
github.com/kontraktor-sh/kontraktor/internal/taskfile/interpreter/docker.go:28.60,30.2 1 0
github.com/kontraktor-sh/kontraktor/internal/taskfile/interpreter/docker.go:33.110,35.9 2 0
github.com/kontraktor-sh/kontraktor/internal/taskfile/interpreter/docker.go:35.9,37.3 1 0
github.com/kontraktor-sh/kontraktor/internal/taskfile/interpreter/docker.go:39.2,39.27 1 0
github.com/kontraktor-sh/kontraktor/internal/taskfile/interpreter/docker.go:39.27,41.3 1 0
github.com/kontraktor-sh/kontraktor/internal/taskfile/interpreter/docker.go:44.2,47.45 2 0
github.com/kontraktor-sh/kontraktor/internal/taskfile/interpreter/docker.go:47.45,49.3 1 0
github.com/kontraktor-sh/kontraktor/internal/taskfile/interpreter/docker.go:50.2,50.41 1 0
github.com/kontraktor-sh/kontraktor/internal/taskfile/interpreter/docker.go:50.41,52.3 1 0
github.com/kontraktor-sh/kontraktor/internal/taskfile/interpreter/docker.go:53.2,53.42 1 0
github.com/kontraktor-sh/kontraktor/internal/taskfile/interpreter/docker.go:53.42,55.3 1 0
github.com/kontraktor-sh/kontraktor/internal/taskfile/interpreter/docker.go:58.2,58.49 1 0
github.com/kontraktor-sh/kontraktor/internal/taskfile/interpreter/docker.go:58.49,60.3 1 0
github.com/kontraktor-sh/kontraktor/internal/taskfile/interpreter/docker.go:63.2,63.29 1 0
github.com/kontraktor-sh/kontraktor/internal/taskfile/interpreter/docker.go:63.29,65.3 1 0
github.com/kontraktor-sh/kontraktor/internal/taskfile/interpreter/docker.go:68.2,76.16 5 0
github.com/kontraktor-sh/kontraktor/internal/taskfile/interpreter/docker.go:76.16,82.3 1 0
github.com/kontraktor-sh/kontraktor/internal/taskfile/interpreter/docker.go:84.2,87.8 1 0
github.com/kontraktor-sh/kontraktor/internal/taskfile/interpreter/interpreter.go:44.30,48.2 1 0
github.com/kontraktor-sh/kontraktor/internal/taskfile/interpreter/interpreter.go:51.54,53.2 1 0
github.com/kontraktor-sh/kontraktor/internal/taskfile/interpreter/interpreter.go:56.72,57.45 1 0
github.com/kontraktor-sh/kontraktor/internal/taskfile/interpreter/interpreter.go:57.45,58.37 1 0
github.com/kontraktor-sh/kontraktor/internal/taskfile/interpreter/interpreter.go:58.37,60.4 1 0
github.com/kontraktor-sh/kontraktor/internal/taskfile/interpreter/interpreter.go:62.2,62.78 1 0
github.com/kontraktor-sh/kontraktor/internal/taskfile/interpreter/interpreter.go:66.36,70.2 1 0
github.com/kontraktor-sh/kontraktor/internal/taskfile/interpreter/interpreter.go:73.61,74.24 1 0
github.com/kontraktor-sh/kontraktor/internal/taskfile/interpreter/interpreter.go:74.24,76.3 1 0
github.com/kontraktor-sh/kontraktor/internal/taskfile/interpreter/interpreter.go:80.61,81.28 1 0
github.com/kontraktor-sh/kontraktor/internal/taskfile/interpreter/interpreter.go:81.28,83.3 1 0
github.com/kontraktor-sh/kontraktor/internal/taskfile/interpreter/interpreter.go:87.60,88.25 1 0
github.com/kontraktor-sh/kontraktor/internal/taskfile/interpreter/interpreter.go:88.25,90.3 1 0
github.com/kontraktor-sh/kontraktor/internal/taskfile/interpreter/interpreter.go:94.64,96.2 1 0
github.com/kontraktor-sh/kontraktor/internal/taskfile/interpreter/python.go:20.48,22.2 1 0
github.com/kontraktor-sh/kontraktor/internal/taskfile/interpreter/python.go:25.60,27.2 1 0
github.com/kontraktor-sh/kontraktor/internal/taskfile/interpreter/python.go:30.110,32.9 2 0
github.com/kontraktor-sh/kontraktor/internal/taskfile/interpreter/python.go:32.9,34.3 1 0
github.com/kontraktor-sh/kontraktor/internal/taskfile/interpreter/python.go:37.2,42.45 4 0
github.com/kontraktor-sh/kontraktor/internal/taskfile/interpreter/python.go:42.45,44.3 1 0
github.com/kontraktor-sh/kontraktor/internal/taskfile/interpreter/python.go:45.2,45.41 1 0
github.com/kontraktor-sh/kontraktor/internal/taskfile/interpreter/python.go:45.41,47.3 1 0
github.com/kontraktor-sh/kontraktor/internal/taskfile/interpreter/python.go:50.2,51.16 2 0
github.com/kontraktor-sh/kontraktor/internal/taskfile/interpreter/python.go:51.16,57.3 1 0
github.com/kontraktor-sh/kontraktor/internal/taskfile/interpreter/python.go:59.2,62.8 1 0
github.com/kontraktor-sh/kontraktor/internal/taskfile/interpreter/registry.go:6.160,16.2 6 0
github.com/kontraktor-sh/kontraktor/internal/taskfile/interpreter/task.go:22.163,26.2 1 0
github.com/kontraktor-sh/kontraktor/internal/taskfile/interpreter/task.go:29.58,31.2 1 0
github.com/kontraktor-sh/kontraktor/internal/taskfile/interpreter/task.go:34.108,36.9 2 0
github.com/kontraktor-sh/kontraktor/internal/taskfile/interpreter/task.go:36.9,38.3 1 0
github.com/kontraktor-sh/kontraktor/internal/taskfile/interpreter/task.go:40.2,40.24 1 0
github.com/kontraktor-sh/kontraktor/internal/taskfile/interpreter/task.go:40.24,42.3 1 0
github.com/kontraktor-sh/kontraktor/internal/taskfile/interpreter/task.go:45.2,46.38 2 0
github.com/kontraktor-sh/kontraktor/internal/taskfile/interpreter/task.go:46.38,48.3 1 0
github.com/kontraktor-sh/kontraktor/internal/taskfile/interpreter/task.go:49.2,49.33 1 0
github.com/kontraktor-sh/kontraktor/internal/taskfile/interpreter/task.go:49.33,51.3 1 0
github.com/kontraktor-sh/kontraktor/internal/taskfile/interpreter/task.go:54.2,60.45 2 0
github.com/kontraktor-sh/kontraktor/internal/taskfile/interpreter/task.go:60.45,62.3 1 0
github.com/kontraktor-sh/kontraktor/internal/taskfile/interpreter/task.go:63.2,63.41 1 0
github.com/kontraktor-sh/kontraktor/internal/taskfile/interpreter/task.go:63.41,65.3 1 0
github.com/kontraktor-sh/kontraktor/internal/taskfile/interpreter/task.go:66.2,69.66 2 0
github.com/kontraktor-sh/kontraktor/internal/taskfile/cmd.go:18.57,20.35 1 4
github.com/kontraktor-sh/kontraktor/internal/taskfile/cmd.go:20.35,26.3 3 1
github.com/kontraktor-sh/kontraktor/internal/taskfile/cmd.go:29.2,29.36 1 3
github.com/kontraktor-sh/kontraktor/internal/taskfile/cmd.go:29.36,32.47 2 3
github.com/kontraktor-sh/kontraktor/internal/taskfile/cmd.go:32.47,34.4 1 0
github.com/kontraktor-sh/kontraktor/internal/taskfile/cmd.go:37.3,37.50 1 3
github.com/kontraktor-sh/kontraktor/internal/taskfile/cmd.go:37.50,43.4 3 1
github.com/kontraktor-sh/kontraktor/internal/taskfile/cmd.go:46.3,46.43 1 2
github.com/kontraktor-sh/kontraktor/internal/taskfile/cmd.go:46.43,50.4 3 1
github.com/kontraktor-sh/kontraktor/internal/taskfile/cmd.go:53.3,53.49 1 1
github.com/kontraktor-sh/kontraktor/internal/taskfile/cmd.go:53.49,55.69 2 1
github.com/kontraktor-sh/kontraktor/internal/taskfile/cmd.go:55.69,57.5 1 1
github.com/kontraktor-sh/kontraktor/internal/taskfile/cmd.go:57.10,59.5 1 0
github.com/kontraktor-sh/kontraktor/internal/taskfile/cmd.go:60.4,60.14 1 1
github.com/kontraktor-sh/kontraktor/internal/taskfile/cmd.go:64.3,66.13 3 0
github.com/kontraktor-sh/kontraktor/internal/taskfile/cmd.go:69.2,69.51 1 0
github.com/kontraktor-sh/kontraktor/internal/taskfile/exec.go:7.80,8.23 1 0
github.com/kontraktor-sh/kontraktor/internal/taskfile/exec.go:8.23,10.3 1 0
github.com/kontraktor-sh/kontraktor/internal/taskfile/exec.go:11.2,13.9 3 0
github.com/kontraktor-sh/kontraktor/internal/taskfile/exec.go:13.9,15.3 1 0
github.com/kontraktor-sh/kontraktor/internal/taskfile/exec.go:16.2,16.32 1 0
github.com/kontraktor-sh/kontraktor/internal/taskfile/exec.go:16.32,17.25 1 0
github.com/kontraktor-sh/kontraktor/internal/taskfile/exec.go:17.25,18.66 1 0
github.com/kontraktor-sh/kontraktor/internal/taskfile/exec.go:18.66,19.58 1 0
github.com/kontraktor-sh/kontraktor/internal/taskfile/exec.go:19.58,21.6 1 0
github.com/kontraktor-sh/kontraktor/internal/taskfile/exec.go:25.2,26.12 2 0
github.com/kontraktor-sh/kontraktor/internal/taskfile/import.go:18.52,19.49 1 2
github.com/kontraktor-sh/kontraktor/internal/taskfile/import.go:19.49,21.3 1 1
github.com/kontraktor-sh/kontraktor/internal/taskfile/import.go:22.2,23.16 2 1
github.com/kontraktor-sh/kontraktor/internal/taskfile/import.go:23.16,25.3 1 0
github.com/kontraktor-sh/kontraktor/internal/taskfile/import.go:26.2,30.40 4 1
github.com/kontraktor-sh/kontraktor/internal/taskfile/import.go:30.40,32.3 1 0
github.com/kontraktor-sh/kontraktor/internal/taskfile/import.go:35.2,35.38 1 1
github.com/kontraktor-sh/kontraktor/internal/taskfile/import.go:35.38,37.3 1 0
github.com/kontraktor-sh/kontraktor/internal/taskfile/import.go:40.2,40.40 1 1
github.com/kontraktor-sh/kontraktor/internal/taskfile/import.go:40.40,42.30 2 0
github.com/kontraktor-sh/kontraktor/internal/taskfile/import.go:42.30,44.18 2 0
github.com/kontraktor-sh/kontraktor/internal/taskfile/import.go:44.18,46.5 1 0
github.com/kontraktor-sh/kontraktor/internal/taskfile/import.go:47.9,47.38 1 0
github.com/kontraktor-sh/kontraktor/internal/taskfile/import.go:47.38,49.18 2 0
github.com/kontraktor-sh/kontraktor/internal/taskfile/import.go:49.18,51.5 1 0
github.com/kontraktor-sh/kontraktor/internal/taskfile/import.go:52.9,54.4 1 0
github.com/kontraktor-sh/kontraktor/internal/taskfile/import.go:55.3,56.17 2 0
github.com/kontraktor-sh/kontraktor/internal/taskfile/import.go:56.17,58.4 1 0
github.com/kontraktor-sh/kontraktor/internal/taskfile/import.go:60.3,60.36 1 0
github.com/kontraktor-sh/kontraktor/internal/taskfile/import.go:60.36,61.41 1 0
github.com/kontraktor-sh/kontraktor/internal/taskfile/import.go:61.41,63.5 1 0
github.com/kontraktor-sh/kontraktor/internal/taskfile/import.go:67.2,67.17 1 1
github.com/kontraktor-sh/kontraktor/internal/taskfile/import.go:71.37,73.2 1 0
github.com/kontraktor-sh/kontraktor/internal/taskfile/import.go:76.36,78.2 1 0
github.com/kontraktor-sh/kontraktor/internal/taskfile/import.go:81.49,83.16 2 0
github.com/kontraktor-sh/kontraktor/internal/taskfile/import.go:83.16,85.3 1 0
github.com/kontraktor-sh/kontraktor/internal/taskfile/import.go:86.2,89.16 3 0
github.com/kontraktor-sh/kontraktor/internal/taskfile/import.go:89.16,91.3 1 0
github.com/kontraktor-sh/kontraktor/internal/taskfile/import.go:92.2,95.16 3 0
github.com/kontraktor-sh/kontraktor/internal/taskfile/import.go:95.16,97.3 1 0
github.com/kontraktor-sh/kontraktor/internal/taskfile/import.go:98.2,98.28 1 0
github.com/kontraktor-sh/kontraktor/internal/taskfile/import.go:102.56,104.21 2 0
github.com/kontraktor-sh/kontraktor/internal/taskfile/import.go:104.21,106.3 1 0
github.com/kontraktor-sh/kontraktor/internal/taskfile/import.go:107.2,111.16 4 0
github.com/kontraktor-sh/kontraktor/internal/taskfile/import.go:111.16,113.3 1 0
github.com/kontraktor-sh/kontraktor/internal/taskfile/import.go:115.2,119.34 5 0
github.com/kontraktor-sh/kontraktor/internal/taskfile/import.go:119.34,121.3 1 0
github.com/kontraktor-sh/kontraktor/internal/taskfile/import.go:122.2,125.53 3 0
github.com/kontraktor-sh/kontraktor/internal/taskfile/import.go:125.53,127.3 1 0
github.com/kontraktor-sh/kontraktor/internal/taskfile/import.go:128.2,128.22 1 0
github.com/kontraktor-sh/kontraktor/internal/taskfile/taskfile.go:48.38,52.62 2 1
github.com/kontraktor-sh/kontraktor/internal/taskfile/taskfile.go:52.62,54.3 1 0
github.com/kontraktor-sh/kontraktor/internal/taskfile/taskfile.go:57.2,57.39 1 1
github.com/kontraktor-sh/kontraktor/internal/taskfile/taskfile.go:57.39,58.65 1 1
github.com/kontraktor-sh/kontraktor/internal/taskfile/taskfile.go:58.65,60.4 1 0
github.com/kontraktor-sh/kontraktor/internal/taskfile/taskfile.go:63.2,63.12 1 1
github.com/kontraktor-sh/kontraktor/internal/taskfile/taskfile.go:67.46,71.35 2 0
github.com/kontraktor-sh/kontraktor/internal/taskfile/taskfile.go:71.35,73.3 1 0
github.com/kontraktor-sh/kontraktor/internal/taskfile/taskfile.go:76.2,77.16 2 0
github.com/kontraktor-sh/kontraktor/internal/taskfile/taskfile.go:77.16,79.3 1 0
github.com/kontraktor-sh/kontraktor/internal/taskfile/taskfile.go:80.2,83.39 2 0
github.com/kontraktor-sh/kontraktor/internal/taskfile/taskfile.go:83.39,84.30 1 0
github.com/kontraktor-sh/kontraktor/internal/taskfile/taskfile.go:84.30,89.37 2 0
github.com/kontraktor-sh/kontraktor/internal/taskfile/taskfile.go:89.37,91.5 1 0
github.com/kontraktor-sh/kontraktor/internal/taskfile/taskfile.go:94.4,95.18 2 0
github.com/kontraktor-sh/kontraktor/internal/taskfile/taskfile.go:95.18,97.5 1 0
github.com/kontraktor-sh/kontraktor/internal/taskfile/taskfile.go:98.4,99.29 2 0
github.com/kontraktor-sh/kontraktor/internal/taskfile/taskfile.go:103.2,103.12 1 0
